Terminals unused in grammar

   ATRIBUICAO
   LABEL
   TYPE
   ARRAY
   OF
   PROCEDURE
   FUNCTION
   GOTO
   IF
   THEN
   ELSE
   OR
   DIV
   AND
   NOT
   INTEGER
   MENOS
   BARRA


Grammar

    0 $accept: programa $end

    1 $@1: %empty

    2 programa: $@1 PROGRAM IDENT ABRE_PARENTESES lista_idents FECHA_PARENTESES PONTO_E_VIRGULA bloco PONTO

    3 $@2: %empty

    4 bloco: parte_declara_vars $@2 comando_composto

    5 parte_declara_vars: var

    6 $@3: %empty

    7 var: $@3 VAR declara_vars
    8    | %empty

    9 declara_vars: declara_vars declara_var
   10             | declara_var

   11 $@4: %empty

   12 $@5: %empty

   13 declara_var: $@4 lista_id_var DOIS_PONTOS tipo $@5 PONTO_E_VIRGULA

   14 tipo: IDENT

   15 lista_id_var: lista_id_var VIRGULA IDENT
   16             | IDENT

   17 lista_idents: lista_idents VIRGULA IDENT
   18             | IDENT

   19 comando_composto: T_BEGIN comandos T_END

   20 comandos: comandos PONTO_E_VIRGULA comando
   21         | comando

   22 comando: rotulo comando_sem_rotulo

   23 rotulo: NUMERO DOIS_PONTOS
   24       | %empty

   25 comando_sem_rotulo: atribuicao
   26                   | comando_repetitivo

   27 atribuicao: variavel DOIS_PONTOS IGUAL expr

   28 variavel: IDENT

   29 expr: expr MAIS t
   30     | expr OU t
   31     | t

   32 t: t ASTERISCO f
   33  | t E f
   34  | f

   35 f: IDENT

   36 $@6: %empty

   37 $@7: %empty

   38 comando_repetitivo: WHILE $@6 expr DO $@7 comando_sem_rotulo


Terminals, with rules where they appear

$end (0) 0
error (256)
PROGRAM (258) 2
ABRE_PARENTESES (259) 2
FECHA_PARENTESES (260) 2
VIRGULA (261) 15 17
PONTO_E_VIRGULA (262) 2 13 20
DOIS_PONTOS (263) 13 23 27
PONTO (264) 2
T_BEGIN (265) 19
T_END (266) 19
VAR (267) 7
IDENT (268) 2 14 15 16 17 18 28 35
ATRIBUICAO (269)
LABEL (270)
TYPE (271)
ARRAY (272)
OF (273)
PROCEDURE (274)
FUNCTION (275)
GOTO (276)
IF (277)
THEN (278)
ELSE (279)
WHILE (280) 38
DO (281) 38
OR (282)
DIV (283)
AND (284)
NOT (285)
INTEGER (286)
MAIS (287) 29
MENOS (288)
ASTERISCO (289) 32
BARRA (290)
OU (291) 30
E (292) 33
IGUAL (293) 27
NUMERO (294) 23


Nonterminals, with rules where they appear

$accept (40)
    on left: 0
programa (41)
    on left: 2, on right: 0
$@1 (42)
    on left: 1, on right: 2
bloco (43)
    on left: 4, on right: 2
$@2 (44)
    on left: 3, on right: 4
parte_declara_vars (45)
    on left: 5, on right: 4
var (46)
    on left: 7 8, on right: 5
$@3 (47)
    on left: 6, on right: 7
declara_vars (48)
    on left: 9 10, on right: 7 9
declara_var (49)
    on left: 13, on right: 9 10
$@4 (50)
    on left: 11, on right: 13
$@5 (51)
    on left: 12, on right: 13
tipo (52)
    on left: 14, on right: 13
lista_id_var (53)
    on left: 15 16, on right: 13 15
lista_idents (54)
    on left: 17 18, on right: 2 17
comando_composto (55)
    on left: 19, on right: 4
comandos (56)
    on left: 20 21, on right: 19 20
comando (57)
    on left: 22, on right: 20 21
rotulo (58)
    on left: 23 24, on right: 22
comando_sem_rotulo (59)
    on left: 25 26, on right: 22 38
atribuicao (60)
    on left: 27, on right: 25
variavel (61)
    on left: 28, on right: 27
expr (62)
    on left: 29 30 31, on right: 27 29 30 38
t (63)
    on left: 32 33 34, on right: 29 30 31 32 33
f (64)
    on left: 35, on right: 32 33 34
comando_repetitivo (65)
    on left: 38, on right: 26
$@6 (66)
    on left: 36, on right: 38
$@7 (67)
    on left: 37, on right: 38


State 0

    0 $accept: . programa $end

    $default  reduce using rule 1 ($@1)

    programa  go to state 1
    $@1       go to state 2


State 1

    0 $accept: programa . $end

    $end  shift, and go to state 3


State 2

    2 programa: $@1 . PROGRAM IDENT ABRE_PARENTESES lista_idents FECHA_PARENTESES PONTO_E_VIRGULA bloco PONTO

    PROGRAM  shift, and go to state 4


State 3

    0 $accept: programa $end .

    $default  accept


State 4

    2 programa: $@1 PROGRAM . IDENT ABRE_PARENTESES lista_idents FECHA_PARENTESES PONTO_E_VIRGULA bloco PONTO

    IDENT  shift, and go to state 5


State 5

    2 programa: $@1 PROGRAM IDENT . ABRE_PARENTESES lista_idents FECHA_PARENTESES PONTO_E_VIRGULA bloco PONTO

    ABRE_PARENTESES  shift, and go to state 6


State 6

    2 programa: $@1 PROGRAM IDENT ABRE_PARENTESES . lista_idents FECHA_PARENTESES PONTO_E_VIRGULA bloco PONTO

    IDENT  shift, and go to state 7

    lista_idents  go to state 8


State 7

   18 lista_idents: IDENT .

    $default  reduce using rule 18 (lista_idents)


State 8

    2 programa: $@1 PROGRAM IDENT ABRE_PARENTESES lista_idents . FECHA_PARENTESES PONTO_E_VIRGULA bloco PONTO
   17 lista_idents: lista_idents . VIRGULA IDENT

    FECHA_PARENTESES  shift, and go to state 9
    VIRGULA           shift, and go to state 10


State 9

    2 programa: $@1 PROGRAM IDENT ABRE_PARENTESES lista_idents FECHA_PARENTESES . PONTO_E_VIRGULA bloco PONTO

    PONTO_E_VIRGULA  shift, and go to state 11


State 10

   17 lista_idents: lista_idents VIRGULA . IDENT

    IDENT  shift, and go to state 12


State 11

    2 programa: $@1 PROGRAM IDENT ABRE_PARENTESES lista_idents FECHA_PARENTESES PONTO_E_VIRGULA . bloco PONTO

    T_BEGIN   reduce using rule 8 (var)
    $default  reduce using rule 6 ($@3)

    bloco               go to state 13
    parte_declara_vars  go to state 14
    var                 go to state 15
    $@3                 go to state 16


State 12

   17 lista_idents: lista_idents VIRGULA IDENT .

    $default  reduce using rule 17 (lista_idents)


State 13

    2 programa: $@1 PROGRAM IDENT ABRE_PARENTESES lista_idents FECHA_PARENTESES PONTO_E_VIRGULA bloco . PONTO

    PONTO  shift, and go to state 17


State 14

    4 bloco: parte_declara_vars . $@2 comando_composto

    $default  reduce using rule 3 ($@2)

    $@2  go to state 18


State 15

    5 parte_declara_vars: var .

    $default  reduce using rule 5 (parte_declara_vars)


State 16

    7 var: $@3 . VAR declara_vars

    VAR  shift, and go to state 19


State 17

    2 programa: $@1 PROGRAM IDENT ABRE_PARENTESES lista_idents FECHA_PARENTESES PONTO_E_VIRGULA bloco PONTO .

    $default  reduce using rule 2 (programa)


State 18

    4 bloco: parte_declara_vars $@2 . comando_composto

    T_BEGIN  shift, and go to state 20

    comando_composto  go to state 21


State 19

    7 var: $@3 VAR . declara_vars

    $default  reduce using rule 11 ($@4)

    declara_vars  go to state 22
    declara_var   go to state 23
    $@4           go to state 24


State 20

   19 comando_composto: T_BEGIN . comandos T_END

    NUMERO  shift, and go to state 25

    $default  reduce using rule 24 (rotulo)

    comandos  go to state 26
    comando   go to state 27
    rotulo    go to state 28


State 21

    4 bloco: parte_declara_vars $@2 comando_composto .

    $default  reduce using rule 4 (bloco)


State 22

    7 var: $@3 VAR declara_vars .
    9 declara_vars: declara_vars . declara_var

    IDENT     reduce using rule 11 ($@4)
    $default  reduce using rule 7 (var)

    declara_var  go to state 29
    $@4          go to state 24


State 23

   10 declara_vars: declara_var .

    $default  reduce using rule 10 (declara_vars)


State 24

   13 declara_var: $@4 . lista_id_var DOIS_PONTOS tipo $@5 PONTO_E_VIRGULA

    IDENT  shift, and go to state 30

    lista_id_var  go to state 31


State 25

   23 rotulo: NUMERO . DOIS_PONTOS

    DOIS_PONTOS  shift, and go to state 32


State 26

   19 comando_composto: T_BEGIN comandos . T_END
   20 comandos: comandos . PONTO_E_VIRGULA comando

    PONTO_E_VIRGULA  shift, and go to state 33
    T_END            shift, and go to state 34


State 27

   21 comandos: comando .

    $default  reduce using rule 21 (comandos)


State 28

   22 comando: rotulo . comando_sem_rotulo

    IDENT  shift, and go to state 35
    WHILE  shift, and go to state 36

    comando_sem_rotulo  go to state 37
    atribuicao          go to state 38
    variavel            go to state 39
    comando_repetitivo  go to state 40


State 29

    9 declara_vars: declara_vars declara_var .

    $default  reduce using rule 9 (declara_vars)


State 30

   16 lista_id_var: IDENT .

    $default  reduce using rule 16 (lista_id_var)


State 31

   13 declara_var: $@4 lista_id_var . DOIS_PONTOS tipo $@5 PONTO_E_VIRGULA
   15 lista_id_var: lista_id_var . VIRGULA IDENT

    VIRGULA      shift, and go to state 41
    DOIS_PONTOS  shift, and go to state 42


State 32

   23 rotulo: NUMERO DOIS_PONTOS .

    $default  reduce using rule 23 (rotulo)


State 33

   20 comandos: comandos PONTO_E_VIRGULA . comando

    NUMERO  shift, and go to state 25

    $default  reduce using rule 24 (rotulo)

    comando  go to state 43
    rotulo   go to state 28


State 34

   19 comando_composto: T_BEGIN comandos T_END .

    $default  reduce using rule 19 (comando_composto)


State 35

   28 variavel: IDENT .

    $default  reduce using rule 28 (variavel)


State 36

   38 comando_repetitivo: WHILE . $@6 expr DO $@7 comando_sem_rotulo

    $default  reduce using rule 36 ($@6)

    $@6  go to state 44


State 37

   22 comando: rotulo comando_sem_rotulo .

    $default  reduce using rule 22 (comando)


State 38

   25 comando_sem_rotulo: atribuicao .

    $default  reduce using rule 25 (comando_sem_rotulo)


State 39

   27 atribuicao: variavel . DOIS_PONTOS IGUAL expr

    DOIS_PONTOS  shift, and go to state 45


State 40

   26 comando_sem_rotulo: comando_repetitivo .

    $default  reduce using rule 26 (comando_sem_rotulo)


State 41

   15 lista_id_var: lista_id_var VIRGULA . IDENT

    IDENT  shift, and go to state 46


State 42

   13 declara_var: $@4 lista_id_var DOIS_PONTOS . tipo $@5 PONTO_E_VIRGULA

    IDENT  shift, and go to state 47

    tipo  go to state 48


State 43

   20 comandos: comandos PONTO_E_VIRGULA comando .

    $default  reduce using rule 20 (comandos)


State 44

   38 comando_repetitivo: WHILE $@6 . expr DO $@7 comando_sem_rotulo

    IDENT  shift, and go to state 49

    expr  go to state 50
    t     go to state 51
    f     go to state 52


State 45

   27 atribuicao: variavel DOIS_PONTOS . IGUAL expr

    IGUAL  shift, and go to state 53


State 46

   15 lista_id_var: lista_id_var VIRGULA IDENT .

    $default  reduce using rule 15 (lista_id_var)


State 47

   14 tipo: IDENT .

    $default  reduce using rule 14 (tipo)


State 48

   13 declara_var: $@4 lista_id_var DOIS_PONTOS tipo . $@5 PONTO_E_VIRGULA

    $default  reduce using rule 12 ($@5)

    $@5  go to state 54


State 49

   35 f: IDENT .

    $default  reduce using rule 35 (f)


State 50

   29 expr: expr . MAIS t
   30     | expr . OU t
   38 comando_repetitivo: WHILE $@6 expr . DO $@7 comando_sem_rotulo

    DO    shift, and go to state 55
    MAIS  shift, and go to state 56
    OU    shift, and go to state 57


State 51

   31 expr: t .
   32 t: t . ASTERISCO f
   33  | t . E f

    ASTERISCO  shift, and go to state 58
    E          shift, and go to state 59

    $default  reduce using rule 31 (expr)


State 52

   34 t: f .

    $default  reduce using rule 34 (t)


State 53

   27 atribuicao: variavel DOIS_PONTOS IGUAL . expr

    IDENT  shift, and go to state 49

    expr  go to state 60
    t     go to state 51
    f     go to state 52


State 54

   13 declara_var: $@4 lista_id_var DOIS_PONTOS tipo $@5 . PONTO_E_VIRGULA

    PONTO_E_VIRGULA  shift, and go to state 61


State 55

   38 comando_repetitivo: WHILE $@6 expr DO . $@7 comando_sem_rotulo

    $default  reduce using rule 37 ($@7)

    $@7  go to state 62


State 56

   29 expr: expr MAIS . t

    IDENT  shift, and go to state 49

    t  go to state 63
    f  go to state 52


State 57

   30 expr: expr OU . t

    IDENT  shift, and go to state 49

    t  go to state 64
    f  go to state 52


State 58

   32 t: t ASTERISCO . f

    IDENT  shift, and go to state 49

    f  go to state 65


State 59

   33 t: t E . f

    IDENT  shift, and go to state 49

    f  go to state 66


State 60

   27 atribuicao: variavel DOIS_PONTOS IGUAL expr .
   29 expr: expr . MAIS t
   30     | expr . OU t

    MAIS  shift, and go to state 56
    OU    shift, and go to state 57

    $default  reduce using rule 27 (atribuicao)


State 61

   13 declara_var: $@4 lista_id_var DOIS_PONTOS tipo $@5 PONTO_E_VIRGULA .

    $default  reduce using rule 13 (declara_var)


State 62

   38 comando_repetitivo: WHILE $@6 expr DO $@7 . comando_sem_rotulo

    IDENT  shift, and go to state 35
    WHILE  shift, and go to state 36

    comando_sem_rotulo  go to state 67
    atribuicao          go to state 38
    variavel            go to state 39
    comando_repetitivo  go to state 40


State 63

   29 expr: expr MAIS t .
   32 t: t . ASTERISCO f
   33  | t . E f

    ASTERISCO  shift, and go to state 58
    E          shift, and go to state 59

    $default  reduce using rule 29 (expr)


State 64

   30 expr: expr OU t .
   32 t: t . ASTERISCO f
   33  | t . E f

    ASTERISCO  shift, and go to state 58
    E          shift, and go to state 59

    $default  reduce using rule 30 (expr)


State 65

   32 t: t ASTERISCO f .

    $default  reduce using rule 32 (t)


State 66

   33 t: t E f .

    $default  reduce using rule 33 (t)


State 67

   38 comando_repetitivo: WHILE $@6 expr DO $@7 comando_sem_rotulo .

    $default  reduce using rule 38 (comando_repetitivo)
